Analysis & Synthesis report for Lab4
Wed Apr 06 15:53:40 2022
Quartus Prime Version 18.1.0 Build 625 09/12/2018 SJ Lite Edition


---------------------
; Table of Contents ;
---------------------
  1. Legal Notice
  2. Analysis & Synthesis Summary
  3. Analysis & Synthesis Settings
  4. Parallel Compilation
  5. Analysis & Synthesis Source Files Read
  6. Analysis & Synthesis Resource Usage Summary
  7. Analysis & Synthesis Resource Utilization by Entity
  8. General Register Statistics
  9. Post-Synthesis Netlist Statistics for Top Partition
 10. Elapsed Time Per Partition
 11. Analysis & Synthesis Messages



----------------
; Legal Notice ;
----------------
Copyright (C) 2018  Intel Corporation. All rights reserved.
Your use of Intel Corporation's design tools, logic functions 
and other software and tools, and its AMPP partner logic 
functions, and any output files from any of the foregoing 
(including device programming or simulation files), and any 
associated documentation or information are expressly subject 
to the terms and conditions of the Intel Program License 
Subscription Agreement, the Intel Quartus Prime License Agreement,
the Intel FPGA IP License Agreement, or other applicable license
agreement, including, without limitation, that your use is for
the sole purpose of programming logic devices manufactured by
Intel and sold by Intel or its authorized distributors.  Please
refer to the applicable agreement for further details.



+-------------------------------------------------------------------------------+
; Analysis & Synthesis Summary                                                  ;
+---------------------------------+---------------------------------------------+
; Analysis & Synthesis Status     ; Successful - Wed Apr 06 15:53:40 2022       ;
; Quartus Prime Version           ; 18.1.0 Build 625 09/12/2018 SJ Lite Edition ;
; Revision Name                   ; Lab4                                        ;
; Top-level Entity Name           ; Bit4MultDisplay                             ;
; Family                          ; Cyclone V                                   ;
; Logic utilization (in ALMs)     ; N/A                                         ;
; Total registers                 ; 11                                          ;
; Total pins                      ; 40                                          ;
; Total virtual pins              ; 0                                           ;
; Total block memory bits         ; 0                                           ;
; Total DSP Blocks                ; 0                                           ;
; Total HSSI RX PCSs              ; 0                                           ;
; Total HSSI PMA RX Deserializers ; 0                                           ;
; Total HSSI TX PCSs              ; 0                                           ;
; Total HSSI PMA TX Serializers   ; 0                                           ;
; Total PLLs                      ; 0                                           ;
; Total DLLs                      ; 0                                           ;
+---------------------------------+---------------------------------------------+


+---------------------------------------------------------------------------------------------------------------------------+
; Analysis & Synthesis Settings                                                                                             ;
+---------------------------------------------------------------------------------+--------------------+--------------------+
; Option                                                                          ; Setting            ; Default Value      ;
+---------------------------------------------------------------------------------+--------------------+--------------------+
; Device                                                                          ; 5CSEMA5F31C6       ;                    ;
; Top-level entity name                                                           ; Bit4MultDisplay    ; Lab4               ;
; Family name                                                                     ; Cyclone V          ; Cyclone V          ;
; Maximum processors allowed for parallel compilation                             ; 2                  ;                    ;
; Use smart compilation                                                           ; Off                ; Off                ;
; Enable parallel Assembler and Timing Analyzer during compilation                ; On                 ; On                 ;
; Enable compact report table                                                     ; Off                ; Off                ;
; Restructure Multiplexers                                                        ; Auto               ; Auto               ;
; MLAB Add Timing Constraints For Mixed-Port Feed-Through Mode Setting Don't Care ; Off                ; Off                ;
; Create Debugging Nodes for IP Cores                                             ; Off                ; Off                ;
; Preserve fewer node names                                                       ; On                 ; On                 ;
; Intel FPGA IP Evaluation Mode                                                   ; Enable             ; Enable             ;
; Verilog Version                                                                 ; Verilog_2001       ; Verilog_2001       ;
; VHDL Version                                                                    ; VHDL_1993          ; VHDL_1993          ;
; State Machine Processing                                                        ; Auto               ; Auto               ;
; Safe State Machine                                                              ; Off                ; Off                ;
; Extract Verilog State Machines                                                  ; On                 ; On                 ;
; Extract VHDL State Machines                                                     ; On                 ; On                 ;
; Ignore Verilog initial constructs                                               ; Off                ; Off                ;
; Iteration limit for constant Verilog loops                                      ; 5000               ; 5000               ;
; Iteration limit for non-constant Verilog loops                                  ; 250                ; 250                ;
; Add Pass-Through Logic to Inferred RAMs                                         ; On                 ; On                 ;
; Infer RAMs from Raw Logic                                                       ; On                 ; On                 ;
; Parallel Synthesis                                                              ; On                 ; On                 ;
; DSP Block Balancing                                                             ; Auto               ; Auto               ;
; NOT Gate Push-Back                                                              ; On                 ; On                 ;
; Power-Up Don't Care                                                             ; On                 ; On                 ;
; Remove Redundant Logic Cells                                                    ; Off                ; Off                ;
; Remove Duplicate Registers                                                      ; On                 ; On                 ;
; Ignore CARRY Buffers                                                            ; Off                ; Off                ;
; Ignore CASCADE Buffers                                                          ; Off                ; Off                ;
; Ignore GLOBAL Buffers                                                           ; Off                ; Off                ;
; Ignore ROW GLOBAL Buffers                                                       ; Off                ; Off                ;
; Ignore LCELL Buffers                                                            ; Off                ; Off                ;
; Ignore SOFT Buffers                                                             ; On                 ; On                 ;
; Limit AHDL Integers to 32 Bits                                                  ; Off                ; Off                ;
; Optimization Technique                                                          ; Balanced           ; Balanced           ;
; Carry Chain Length                                                              ; 70                 ; 70                 ;
; Auto Carry Chains                                                               ; On                 ; On                 ;
; Auto Open-Drain Pins                                                            ; On                 ; On                 ;
; Perform WYSIWYG Primitive Resynthesis                                           ; Off                ; Off                ;
; Auto ROM Replacement                                                            ; On                 ; On                 ;
; Auto RAM Replacement                                                            ; On                 ; On                 ;
; Auto DSP Block Replacement                                                      ; On                 ; On                 ;
; Auto Shift Register Replacement                                                 ; Auto               ; Auto               ;
; Allow Shift Register Merging across Hierarchies                                 ; Auto               ; Auto               ;
; Auto Clock Enable Replacement                                                   ; On                 ; On                 ;
; Strict RAM Replacement                                                          ; Off                ; Off                ;
; Allow Synchronous Control Signals                                               ; On                 ; On                 ;
; Force Use of Synchronous Clear Signals                                          ; Off                ; Off                ;
; Auto Resource Sharing                                                           ; Off                ; Off                ;
; Allow Any RAM Size For Recognition                                              ; Off                ; Off                ;
; Allow Any ROM Size For Recognition                                              ; Off                ; Off                ;
; Allow Any Shift Register Size For Recognition                                   ; Off                ; Off                ;
; Use LogicLock Constraints during Resource Balancing                             ; On                 ; On                 ;
; Ignore translate_off and synthesis_off directives                               ; Off                ; Off                ;
; Timing-Driven Synthesis                                                         ; On                 ; On                 ;
; Report Parameter Settings                                                       ; On                 ; On                 ;
; Report Source Assignments                                                       ; On                 ; On                 ;
; Report Connectivity Checks                                                      ; On                 ; On                 ;
; Ignore Maximum Fan-Out Assignments                                              ; Off                ; Off                ;
; Synchronization Register Chain Length                                           ; 3                  ; 3                  ;
; Power Optimization During Synthesis                                             ; Normal compilation ; Normal compilation ;
; HDL message level                                                               ; Level2             ; Level2             ;
; Suppress Register Optimization Related Messages                                 ; Off                ; Off                ;
; Number of Removed Registers Reported in Synthesis Report                        ; 5000               ; 5000               ;
; Number of Swept Nodes Reported in Synthesis Report                              ; 5000               ; 5000               ;
; Number of Inverted Registers Reported in Synthesis Report                       ; 100                ; 100                ;
; Clock MUX Protection                                                            ; On                 ; On                 ;
; Auto Gated Clock Conversion                                                     ; Off                ; Off                ;
; Block Design Naming                                                             ; Auto               ; Auto               ;
; SDC constraint protection                                                       ; Off                ; Off                ;
; Synthesis Effort                                                                ; Auto               ; Auto               ;
; Shift Register Replacement - Allow Asynchronous Clear Signal                    ; On                 ; On                 ;
; Pre-Mapping Resynthesis Optimization                                            ; Off                ; Off                ;
; Analysis & Synthesis Message Level                                              ; Medium             ; Medium             ;
; Disable Register Merging Across Hierarchies                                     ; Auto               ; Auto               ;
; Resource Aware Inference For Block RAM                                          ; On                 ; On                 ;
; Automatic Parallel Synthesis                                                    ; On                 ; On                 ;
; Partial Reconfiguration Bitstream ID                                            ; Off                ; Off                ;
+---------------------------------------------------------------------------------+--------------------+--------------------+


+------------------------------------------+
; Parallel Compilation                     ;
+----------------------------+-------------+
; Processors                 ; Number      ;
+----------------------------+-------------+
; Number detected on machine ; 8           ;
; Maximum allowed            ; 2           ;
;                            ;             ;
; Average used               ; 1.00        ;
; Maximum used               ; 2           ;
;                            ;             ;
; Usage by Processor         ; % Time Used ;
;     Processor 1            ; 100.0%      ;
;     Processor 2            ;   0.0%      ;
+----------------------------+-------------+


+------------------------------------------------------------------------------------------------------------------------------------------------------------------------+
; Analysis & Synthesis Source Files Read                                                                                                                                 ;
+----------------------------------+-----------------+------------------------------------+--------------------------------------------------------------------+---------+
; File Name with User-Entered Path ; Used in Netlist ; File Type                          ; File Name with Absolute Path                                       ; Library ;
+----------------------------------+-----------------+------------------------------------+--------------------------------------------------------------------+---------+
; Bit4MultDisplay.bdf              ; yes             ; User Block Diagram/Schematic File  ; C:/Users/richa/Downloads/ECE315/Lab5a/Bit4MultDisplay.bdf          ;         ;
; Register8bit.bdf                 ; yes             ; User Block Diagram/Schematic File  ; C:/Users/richa/Downloads/ECE315/Lab5a/Register8bit.bdf             ;         ;
; Bit4Multiplier.bdf               ; yes             ; User Block Diagram/Schematic File  ; C:/Users/richa/Downloads/ECE315/Lab5a/Bit4Multiplier.bdf           ;         ;
; Lab3Adder.bdf                    ; yes             ; User Block Diagram/Schematic File  ; C:/Users/richa/Downloads/ECE315/Lab5a/Lab3Adder.bdf                ;         ;
; add3counter.bdf                  ; yes             ; User Block Diagram/Schematic File  ; C:/Users/richa/Downloads/ECE315/Lab5a/add3counter.bdf              ;         ;
; Lab2SegmentDisplay.bdf           ; yes             ; User Block Diagram/Schematic File  ; C:/Users/richa/Downloads/ECE315/Lab5a/Lab2SegmentDisplay.bdf       ;         ;
; BDC3.bdf                         ; yes             ; User Block Diagram/Schematic File  ; C:/Users/richa/Downloads/ECE315/Lab5a/BDC3.bdf                     ;         ;
; Add3.bdf                         ; yes             ; User Block Diagram/Schematic File  ; C:/Users/richa/Downloads/ECE315/Lab5a/Add3.bdf                     ;         ;
; SignDisplay.bdf                  ; yes             ; User Block Diagram/Schematic File  ; C:/Users/richa/Downloads/ECE315/Lab5a/SignDisplay.bdf              ;         ;
; mux41.bdf                        ; yes             ; Megafunction                       ; c:/intelfpga_lite/18.1/quartus/libraries/others/maxplus2/mux41.bdf ;         ;
+----------------------------------+-----------------+------------------------------------+--------------------------------------------------------------------+---------+


+--------------------------------------------------------------------------------------------+
; Analysis & Synthesis Resource Usage Summary                                                ;
+---------------------------------------------+----------------------------------------------+
; Resource                                    ; Usage                                        ;
+---------------------------------------------+----------------------------------------------+
; Estimate of Logic utilization (ALMs needed) ; 38                                           ;
;                                             ;                                              ;
; Combinational ALUT usage for logic          ; 50                                           ;
;     -- 7 input functions                    ; 0                                            ;
;     -- 6 input functions                    ; 24                                           ;
;     -- 5 input functions                    ; 6                                            ;
;     -- 4 input functions                    ; 6                                            ;
;     -- <=3 input functions                  ; 14                                           ;
;                                             ;                                              ;
; Dedicated logic registers                   ; 11                                           ;
;                                             ;                                              ;
; I/O pins                                    ; 40                                           ;
;                                             ;                                              ;
; Total DSP Blocks                            ; 0                                            ;
;                                             ;                                              ;
; Maximum fan-out node                        ; Bit4Multiplier:inst|Register8bit:inst1|inst2 ;
; Maximum fan-out                             ; 19                                           ;
; Total fan-out                               ; 324                                          ;
; Average fan-out                             ; 2.30                                         ;
+---------------------------------------------+----------------------------------------------+


+--------------------------------------------------------------------------------------------------------------------------------------------------------------------------------------------------------------------------------------+
; Analysis & Synthesis Resource Utilization by Entity                                                                                                                                                                                  ;
+-------------------------------+---------------------+---------------------------+-------------------+------------+------+--------------+---------------------------------------------------------+--------------------+--------------+
; Compilation Hierarchy Node    ; Combinational ALUTs ; Dedicated Logic Registers ; Block Memory Bits ; DSP Blocks ; Pins ; Virtual Pins ; Full Hierarchy Name                                     ; Entity Name        ; Library Name ;
+-------------------------------+---------------------+---------------------------+-------------------+------------+------+--------------+---------------------------------------------------------+--------------------+--------------+
; |Bit4MultDisplay              ; 50 (1)              ; 11 (0)                    ; 0                 ; 0          ; 40   ; 0            ; |Bit4MultDisplay                                        ; Bit4MultDisplay    ; work         ;
;    |BDC3:inst8|               ; 12 (0)              ; 0 (0)                     ; 0                 ; 0          ; 0    ; 0            ; |Bit4MultDisplay|BDC3:inst8                             ; BDC3               ; work         ;
;       |Add3:inst11|           ; 3 (3)               ; 0 (0)                     ; 0                 ; 0          ; 0    ; 0            ; |Bit4MultDisplay|BDC3:inst8|Add3:inst11                 ; Add3               ; work         ;
;       |Add3:inst12|           ; 3 (3)               ; 0 (0)                     ; 0                 ; 0          ; 0    ; 0            ; |Bit4MultDisplay|BDC3:inst8|Add3:inst12                 ; Add3               ; work         ;
;       |Add3:inst13|           ; 3 (3)               ; 0 (0)                     ; 0                 ; 0          ; 0    ; 0            ; |Bit4MultDisplay|BDC3:inst8|Add3:inst13                 ; Add3               ; work         ;
;       |Add3:inst1|            ; 2 (2)               ; 0 (0)                     ; 0                 ; 0          ; 0    ; 0            ; |Bit4MultDisplay|BDC3:inst8|Add3:inst1                  ; Add3               ; work         ;
;       |Add3:inst|             ; 1 (1)               ; 0 (0)                     ; 0                 ; 0          ; 0    ; 0            ; |Bit4MultDisplay|BDC3:inst8|Add3:inst                   ; Add3               ; work         ;
;    |Bit4Multiplier:inst|      ; 16 (0)              ; 8 (0)                     ; 0                 ; 0          ; 0    ; 0            ; |Bit4MultDisplay|Bit4Multiplier:inst                    ; Bit4Multiplier     ; work         ;
;       |Lab3Adder:inst|        ; 7 (7)               ; 0 (0)                     ; 0                 ; 0          ; 0    ; 0            ; |Bit4MultDisplay|Bit4Multiplier:inst|Lab3Adder:inst     ; Lab3Adder          ; work         ;
;       |Register8bit:inst1|    ; 8 (8)               ; 8 (8)                     ; 0                 ; 0          ; 0    ; 0            ; |Bit4MultDisplay|Bit4Multiplier:inst|Register8bit:inst1 ; Register8bit       ; work         ;
;       |mux41:inst6|           ; 1 (1)               ; 0 (0)                     ; 0                 ; 0          ; 0    ; 0            ; |Bit4MultDisplay|Bit4Multiplier:inst|mux41:inst6        ; mux41              ; work         ;
;    |Lab2SegmentDisplay:inst6| ; 8 (8)               ; 0 (0)                     ; 0                 ; 0          ; 0    ; 0            ; |Bit4MultDisplay|Lab2SegmentDisplay:inst6               ; Lab2SegmentDisplay ; work         ;
;    |Lab2SegmentDisplay:inst7| ; 7 (7)               ; 0 (0)                     ; 0                 ; 0          ; 0    ; 0            ; |Bit4MultDisplay|Lab2SegmentDisplay:inst7               ; Lab2SegmentDisplay ; work         ;
;    |Lab2SegmentDisplay:inst9| ; 3 (3)               ; 0 (0)                     ; 0                 ; 0          ; 0    ; 0            ; |Bit4MultDisplay|Lab2SegmentDisplay:inst9               ; Lab2SegmentDisplay ; work         ;
;    |add3counter:inst2|        ; 3 (3)               ; 3 (3)                     ; 0                 ; 0          ; 0    ; 0            ; |Bit4MultDisplay|add3counter:inst2                      ; add3counter        ; work         ;
+-------------------------------+---------------------+---------------------------+-------------------+------------+------+--------------+---------------------------------------------------------+--------------------+--------------+
Note: For table entries with two numbers listed, the numbers in parentheses indicate the number of resources of the given type used by the specific entity alone. The numbers listed outside of parentheses indicate the total resources of the given type used by the specific entity and all of its sub-entities in the hierarchy.


+------------------------------------------------------+
; General Register Statistics                          ;
+----------------------------------------------+-------+
; Statistic                                    ; Value ;
+----------------------------------------------+-------+
; Total registers                              ; 11    ;
; Number of registers using Synchronous Clear  ; 0     ;
; Number of registers using Synchronous Load   ; 0     ;
; Number of registers using Asynchronous Clear ; 11    ;
; Number of registers using Asynchronous Load  ; 0     ;
; Number of registers using Clock Enable       ; 0     ;
; Number of registers using Preset             ; 0     ;
+----------------------------------------------+-------+


+-----------------------------------------------------+
; Post-Synthesis Netlist Statistics for Top Partition ;
+-----------------------+-----------------------------+
; Type                  ; Count                       ;
+-----------------------+-----------------------------+
; arriav_ff             ; 11                          ;
;     CLR               ; 11                          ;
; arriav_lcell_comb     ; 54                          ;
;     normal            ; 54                          ;
;         0 data inputs ; 2                           ;
;         1 data inputs ; 2                           ;
;         2 data inputs ; 10                          ;
;         3 data inputs ; 4                           ;
;         4 data inputs ; 6                           ;
;         5 data inputs ; 6                           ;
;         6 data inputs ; 24                          ;
; boundary_port         ; 40                          ;
;                       ;                             ;
; Max LUT depth         ; 3.00                        ;
; Average LUT depth     ; 1.99                        ;
+-----------------------+-----------------------------+


+-------------------------------+
; Elapsed Time Per Partition    ;
+----------------+--------------+
; Partition Name ; Elapsed Time ;
+----------------+--------------+
; Top            ; 00:00:01     ;
+----------------+--------------+


+-------------------------------+
; Analysis & Synthesis Messages ;
+-------------------------------+
Info: *******************************************************************
Info: Running Quartus Prime Analysis & Synthesis
    Info: Version 18.1.0 Build 625 09/12/2018 SJ Lite Edition
    Info: Processing started: Wed Apr 06 15:53:24 2022
Info: Command: quartus_map --read_settings_files=on --write_settings_files=off Lab4 -c Lab4
Info (20032): Parallel compilation is enabled and will use up to 2 processors
Info (12021): Found 1 design units, including 1 entities, in source file bit4multdisplay.bdf
    Info (12023): Found entity 1: Bit4MultDisplay
Info (12021): Found 1 design units, including 1 entities, in source file adderdisplay.bdf
    Info (12023): Found entity 1: AdderDisplay
Info (12021): Found 1 design units, including 1 entities, in source file register8bit.bdf
    Info (12023): Found entity 1: Register8bit
Info (12021): Found 1 design units, including 1 entities, in source file bit4multiplier.bdf
    Info (12023): Found entity 1: Bit4Multiplier
Info (12021): Found 1 design units, including 1 entities, in source file addersubtracter.bdf
    Info (12023): Found entity 1: AdderSubtracter
Info (12021): Found 1 design units, including 1 entities, in source file lab3adder.bdf
    Info (12023): Found entity 1: Lab3Adder
Info (12021): Found 1 design units, including 1 entities, in source file add3counter.bdf
    Info (12023): Found entity 1: add3counter
Info (12021): Found 1 design units, including 1 entities, in source file counterdisplay.bdf
    Info (12023): Found entity 1: CounterDisplay
Info (12021): Found 1 design units, including 1 entities, in source file lab2segmentdisplay.bdf
    Info (12023): Found entity 1: Lab2SegmentDisplay
Info (12021): Found 1 design units, including 1 entities, in source file bdc.bdf
    Info (12023): Found entity 1: BDC
Info (12021): Found 1 design units, including 1 entities, in source file bdc3.bdf
    Info (12023): Found entity 1: BDC3
Info (12021): Found 1 design units, including 1 entities, in source file add3.bdf
    Info (12023): Found entity 1: Add3
Info (12021): Found 1 design units, including 1 entities, in source file signdisplay.bdf
    Info (12023): Found entity 1: SignDisplay
Info (12127): Elaborating entity "Bit4MultDisplay" for the top level hierarchy
Info (12128): Elaborating entity "Lab2SegmentDisplay" for hierarchy "Lab2SegmentDisplay:inst6"
Info (12128): Elaborating entity "BDC3" for hierarchy "BDC3:inst8"
Info (12128): Elaborating entity "Add3" for hierarchy "BDC3:inst8|Add3:inst"
Info (12128): Elaborating entity "Bit4Multiplier" for hierarchy "Bit4Multiplier:inst"
Info (12128): Elaborating entity "Register8bit" for hierarchy "Bit4Multiplier:inst|Register8bit:inst1"
Info (12128): Elaborating entity "Lab3Adder" for hierarchy "Bit4Multiplier:inst|Lab3Adder:inst"
Info (12128): Elaborating entity "MUX41" for hierarchy "Bit4Multiplier:inst|MUX41:inst6"
Info (12130): Elaborated megafunction instantiation "Bit4Multiplier:inst|MUX41:inst6"
Info (12128): Elaborating entity "add3counter" for hierarchy "add3counter:inst2"
Info (12128): Elaborating entity "SignDisplay" for hierarchy "SignDisplay:inst10"
Warning (13024): Output pins are stuck at VCC or GND
    Warning (13410): Pin "D21" is stuck at GND
    Warning (13410): Pin "S0" is stuck at VCC
    Warning (13410): Pin "S1" is stuck at VCC
    Warning (13410): Pin "S2" is stuck at VCC
    Warning (13410): Pin "S3" is stuck at VCC
    Warning (13410): Pin "S4" is stuck at VCC
    Warning (13410): Pin "S5" is stuck at VCC
Info (286030): Timing-Driven Synthesis is running
Info (16010): Generating hard_block partition "hard_block:auto_generated_inst"
    Info (16011): Adding 0 node(s), including 0 DDIO, 0 PLL, 0 transceiver and 0 LCELL
Info (21057): Implemented 93 device resources after synthesis - the final resource count might be different
    Info (21058): Implemented 12 input pins
    Info (21059): Implemented 28 output pins
    Info (21061): Implemented 53 logic cells
Info: Quartus Prime Analysis & Synthesis was successful. 0 errors, 8 warnings
    Info: Peak virtual memory: 4810 megabytes
    Info: Processing ended: Wed Apr 06 15:53:40 2022
    Info: Elapsed time: 00:00:16
    Info: Total CPU time (on all processors): 00:00:34


